<?xml version="1.0" encoding="UTF-8"?>
<!-- Generated by org.testng.reporters.JUnitXMLReporter -->
<testsuite hostname="LAPTOP-D5Q3QQS2" name="Command line test" tests="1" failures="1" timestamp="29 Apr 2022 05:27:06 GMT" time="0.015" errors="0">
  <testcase name="testSomeMethod" time="0.005" classname="web.UserServletNGTest">
    <failure type="java.lang.AssertionError" message="The test case is a prototype.">
      <![CDATA[java.lang.AssertionError: The test case is a prototype.
	at web.UserServletNGTest.testSomeMethod(UserServletNGTest.java:38)
... Removed 35 stack frames]]>
    </failure>
  </testcase> <!-- testSomeMethod -->
</testsuite> <!-- Command line test -->
